<?xml version="1.0" encoding="UTF-8"?>
<!-- Generated by org.testng.reporters.JUnitReportReporter -->
<testsuite hostname="AKSHAY" failures="0" tests="4" name="ltim.practise2.TestApp" time="25.254" errors="0" timestamp="2023-07-17T11:33:10 IST" skipped="0">
  <testcase classname="ltim.practise2.TestApp" name="isSiteLoaded" time="0.024"/>
  <testcase classname="ltim.practise2.TestApp" name="searchProcuct" time="8.051"/>
  <testcase classname="ltim.practise2.TestApp" name="listOfIhones" time="16.852"/>
  <testcase classname="ltim.practise2.TestApp" name="isInStock" time="0.327"/>
</testsuite> <!-- ltim.practise2.TestApp -->
