<?xml version="1.0" encoding="UTF-8"?>
<!-- Generated by org.testng.reporters.JUnitReportReporter -->
<testsuite hostname="AKSHAY" failures="0" tests="4" name="ltim.practise2.TestApp" time="12.674" errors="0" timestamp="2023-07-17T22:56:22 IST" skipped="0">
  <testcase classname="ltim.practise2.TestApp" name="isSiteLoaded" time="0.124"/>
  <testcase classname="ltim.practise2.TestApp" name="searchProcuct" time="4.869"/>
  <testcase classname="ltim.practise2.TestApp" name="listOfIhones" time="7.463"/>
  <testcase classname="ltim.practise2.TestApp" name="isInStock" time="0.218"/>
</testsuite> <!-- ltim.practise2.TestApp -->
