<?xml version="1.0" encoding="UTF-8"?>
<!-- Generated by org.testng.reporters.JUnitReportReporter -->
<testsuite hostname="AKSHAY" failures="0" tests="4" name="ltim.practise2.TestApp" time="11.063" errors="0" timestamp="2023-07-17T23:06:16 IST" skipped="0">
  <testcase classname="ltim.practise2.TestApp" name="isSiteLoaded" time="0.021"/>
  <testcase classname="ltim.practise2.TestApp" name="searchProcuct" time="3.427"/>
  <testcase classname="ltim.practise2.TestApp" name="listOfIhones" time="7.161"/>
  <testcase classname="ltim.practise2.TestApp" name="isInStock" time="0.454"/>
</testsuite> <!-- ltim.practise2.TestApp -->
