<?xml version="1.0" encoding="UTF-8"?>
<!-- Generated by org.testng.reporters.JUnitReportReporter -->
<testsuite hostname="AKSHAY" failures="0" tests="4" name="ltim.practise2.TestApp" time="18.891" errors="0" timestamp="2023-07-17T22:46:07 IST" skipped="0">
  <testcase classname="ltim.practise2.TestApp" name="isSiteLoaded" time="0.207"/>
  <testcase classname="ltim.practise2.TestApp" name="searchProcuct" time="3.527"/>
  <testcase classname="ltim.practise2.TestApp" name="listOfIhones" time="14.938"/>
  <testcase classname="ltim.practise2.TestApp" name="isInStock" time="0.219"/>
</testsuite> <!-- ltim.practise2.TestApp -->
