<?xml version="1.0" encoding="UTF-8"?>
<!-- Generated by org.testng.reporters.JUnitReportReporter -->
<testsuite hostname="AKSHAY" failures="0" tests="5" name="ltim.practise2.TestApp" time="14.443" errors="0" timestamp="2023-07-23T11:59:40 IST" skipped="0">
  <testcase classname="ltim.practise2.TestApp" name="isSiteLoaded" time="0.250"/>
  <testcase classname="ltim.practise2.TestApp" name="searchProcuct" time="3.963"/>
  <testcase classname="ltim.practise2.TestApp" name="selectPhone" time="3.331"/>
  <testcase classname="ltim.practise2.TestApp" name="titleVerify" time="6.776"/>
  <testcase classname="ltim.practise2.TestApp" name="isInStock" time="0.123"/>
</testsuite> <!-- ltim.practise2.TestApp -->
